

D:\HelloCoder2025\arcanoid\main.c: 767: Start Game 1024 x 768!

D:\HelloCoder2025\arcanoid\main.c: 775: Main window was created!

D:\HelloCoder2025\arcanoid\main.c: 781: Start main loop!

D:\HelloCoder2025\arcanoid\main.c: 633: Key down 84!

D:\HelloCoder2025\arcanoid\main.c: 649: Key up 84!

D:\HelloCoder2025\arcanoid\main.c: 616: Mouse move (439, 307)

D:\HelloCoder2025\arcanoid\main.c: 616: Mouse move (436, 305)

D:\HelloCoder2025\arcanoid\main.c: 616: Mouse move (433, 301)

D:\HelloCoder2025\arcanoid\main.c: 616: Mouse move (427, 297)

D:\HelloCoder2025\arcanoid\main.c: 616: Mouse move (421, 293)

D:\HelloCoder2025\arcanoid\main.c: 616: Mouse move (404, 287)

D:\HelloCoder2025\arcanoid\main.c: 616: Mouse move (393, 284)

D:\HelloCoder2025\arcanoid\main.c: 616: Mouse move (384, 283)

D:\HelloCoder2025\arcanoid\main.c: 616: Mouse move (372, 281)

D:\HelloCoder2025\arcanoid\main.c: 616: Mouse move (361, 280)

D:\HelloCoder2025\arcanoid\main.c: 616: Mouse move (352, 280)

D:\HelloCoder2025\arcanoid\main.c: 616: Mouse move (334, 282)

D:\HelloCoder2025\arcanoid\main.c: 616: Mouse move (334, 282)

D:\HelloCoder2025\arcanoid\main.c: 616: Mouse move (312, 297)

D:\HelloCoder2025\arcanoid\main.c: 616: Mouse move (308, 306)

D:\HelloCoder2025\arcanoid\main.c: 616: Mouse move (305, 315)

D:\HelloCoder2025\arcanoid\main.c: 616: Mouse move (302, 326)

D:\HelloCoder2025\arcanoid\main.c: 616: Mouse move (298, 340)

D:\HelloCoder2025\arcanoid\main.c: 616: Mouse move (296, 353)

D:\HelloCoder2025\arcanoid\main.c: 616: Mouse move (295, 367)

D:\HelloCoder2025\arcanoid\main.c: 616: Mouse move (295, 379)

D:\HelloCoder2025\arcanoid\main.c: 616: Mouse move (294, 389)

D:\HelloCoder2025\arcanoid\main.c: 616: Mouse move (294, 399)

D:\HelloCoder2025\arcanoid\main.c: 616: Mouse move (294, 408)

D:\HelloCoder2025\arcanoid\main.c: 616: Mouse move (296, 415)

D:\HelloCoder2025\arcanoid\main.c: 616: Mouse move (298, 422)

D:\HelloCoder2025\arcanoid\main.c: 616: Mouse move (304, 429)

D:\HelloCoder2025\arcanoid\main.c: 616: Mouse move (342, 450)

D:\HelloCoder2025\arcanoid\main.c: 616: Mouse move (358, 455)

D:\HelloCoder2025\arcanoid\main.c: 616: Mouse move (399, 461)

D:\HelloCoder2025\arcanoid\main.c: 616: Mouse move (427, 459)

D:\HelloCoder2025\arcanoid\main.c: 616: Mouse move (461, 454)

D:\HelloCoder2025\arcanoid\main.c: 616: Mouse move (532, 431)

D:\HelloCoder2025\arcanoid\main.c: 616: Mouse move (587, 403)

D:\HelloCoder2025\arcanoid\main.c: 616: Mouse move (622, 368)

D:\HelloCoder2025\arcanoid\main.c: 616: Mouse move (637, 317)

D:\HelloCoder2025\arcanoid\main.c: 616: Mouse move (634, 296)

D:\HelloCoder2025\arcanoid\main.c: 616: Mouse move (627, 276)

D:\HelloCoder2025\arcanoid\main.c: 616: Mouse move (615, 255)

D:\HelloCoder2025\arcanoid\main.c: 616: Mouse move (598, 235)

D:\HelloCoder2025\arcanoid\main.c: 616: Mouse move (580, 217)

D:\HelloCoder2025\arcanoid\main.c: 616: Mouse move (558, 201)

D:\HelloCoder2025\arcanoid\main.c: 616: Mouse move (531, 186)

D:\HelloCoder2025\arcanoid\main.c: 616: Mouse move (457, 161)

D:\HelloCoder2025\arcanoid\main.c: 616: Mouse move (437, 160)

D:\HelloCoder2025\arcanoid\main.c: 616: Mouse move (420, 161)

D:\HelloCoder2025\arcanoid\main.c: 616: Mouse move (401, 165)

D:\HelloCoder2025\arcanoid\main.c: 616: Mouse move (383, 173)

D:\HelloCoder2025\arcanoid\main.c: 616: Mouse move (369, 183)

D:\HelloCoder2025\arcanoid\main.c: 616: Mouse move (342, 218)

D:\HelloCoder2025\arcanoid\main.c: 616: Mouse move (333, 238)

D:\HelloCoder2025\arcanoid\main.c: 616: Mouse move (327, 265)

D:\HelloCoder2025\arcanoid\main.c: 616: Mouse move (323, 288)

D:\HelloCoder2025\arcanoid\main.c: 616: Mouse move (323, 338)

D:\HelloCoder2025\arcanoid\main.c: 616: Mouse move (329, 359)

D:\HelloCoder2025\arcanoid\main.c: 616: Mouse move (346, 389)

D:\HelloCoder2025\arcanoid\main.c: 616: Mouse move (361, 401)

D:\HelloCoder2025\arcanoid\main.c: 616: Mouse move (377, 410)

D:\HelloCoder2025\arcanoid\main.c: 616: Mouse move (399, 419)

D:\HelloCoder2025\arcanoid\main.c: 616: Mouse move (424, 425)

D:\HelloCoder2025\arcanoid\main.c: 616: Mouse move (455, 428)

D:\HelloCoder2025\arcanoid\main.c: 616: Mouse move (526, 430)

D:\HelloCoder2025\arcanoid\main.c: 616: Mouse move (565, 427)

D:\HelloCoder2025\arcanoid\main.c: 616: Mouse move (599, 420)

D:\HelloCoder2025\arcanoid\main.c: 616: Mouse move (632, 407)

D:\HelloCoder2025\arcanoid\main.c: 616: Mouse move (658, 394)

D:\HelloCoder2025\arcanoid\main.c: 616: Mouse move (704, 347)

D:\HelloCoder2025\arcanoid\main.c: 616: Mouse move (703, 291)

D:\HelloCoder2025\arcanoid\main.c: 616: Mouse move (693, 270)

D:\HelloCoder2025\arcanoid\main.c: 616: Mouse move (679, 249)

D:\HelloCoder2025\arcanoid\main.c: 616: Mouse move (658, 228)

D:\HelloCoder2025\arcanoid\main.c: 616: Mouse move (633, 209)

D:\HelloCoder2025\arcanoid\main.c: 616: Mouse move (578, 179)

D:\HelloCoder2025\arcanoid\main.c: 616: Mouse move (524, 166)

D:\HelloCoder2025\arcanoid\main.c: 616: Mouse move (503, 166)

D:\HelloCoder2025\arcanoid\main.c: 616: Mouse move (482, 169)

D:\HelloCoder2025\arcanoid\main.c: 616: Mouse move (459, 178)

D:\HelloCoder2025\arcanoid\main.c: 616: Mouse move (438, 190)

D:\HelloCoder2025\arcanoid\main.c: 616: Mouse move (403, 227)

D:\HelloCoder2025\arcanoid\main.c: 616: Mouse move (389, 248)

D:\HelloCoder2025\arcanoid\main.c: 616: Mouse move (379, 269)

D:\HelloCoder2025\arcanoid\main.c: 616: Mouse move (367, 312)

D:\HelloCoder2025\arcanoid\main.c: 616: Mouse move (366, 332)

D:\HelloCoder2025\arcanoid\main.c: 616: Mouse move (367, 350)

D:\HelloCoder2025\arcanoid\main.c: 616: Mouse move (374, 364)

D:\HelloCoder2025\arcanoid\main.c: 616: Mouse move (382, 378)

D:\HelloCoder2025\arcanoid\main.c: 616: Mouse move (392, 388)

D:\HelloCoder2025\arcanoid\main.c: 616: Mouse move (409, 397)

D:\HelloCoder2025\arcanoid\main.c: 616: Mouse move (466, 413)

D:\HelloCoder2025\arcanoid\main.c: 616: Mouse move (545, 415)

D:\HelloCoder2025\arcanoid\main.c: 616: Mouse move (586, 413)

D:\HelloCoder2025\arcanoid\main.c: 616: Mouse move (626, 406)

D:\HelloCoder2025\arcanoid\main.c: 616: Mouse move (659, 397)

D:\HelloCoder2025\arcanoid\main.c: 616: Mouse move (680, 385)

D:\HelloCoder2025\arcanoid\main.c: 616: Mouse move (694, 375)

D:\HelloCoder2025\arcanoid\main.c: 616: Mouse move (702, 364)

D:\HelloCoder2025\arcanoid\main.c: 616: Mouse move (705, 351)

D:\HelloCoder2025\arcanoid\main.c: 616: Mouse move (705, 340)

D:\HelloCoder2025\arcanoid\main.c: 616: Mouse move (694, 311)

D:\HelloCoder2025\arcanoid\main.c: 616: Mouse move (680, 294)

D:\HelloCoder2025\arcanoid\main.c: 616: Mouse move (661, 276)

D:\HelloCoder2025\arcanoid\main.c: 616: Mouse move (637, 258)

D:\HelloCoder2025\arcanoid\main.c: 616: Mouse move (605, 242)

D:\HelloCoder2025\arcanoid\main.c: 616: Mouse move (574, 228)

D:\HelloCoder2025\arcanoid\main.c: 616: Mouse move (539, 217)

D:\HelloCoder2025\arcanoid\main.c: 616: Mouse move (502, 212)

D:\HelloCoder2025\arcanoid\main.c: 616: Mouse move (468, 209)

D:\HelloCoder2025\arcanoid\main.c: 616: Mouse move (398, 217)

D:\HelloCoder2025\arcanoid\main.c: 616: Mouse move (346, 243)

D:\HelloCoder2025\arcanoid\main.c: 616: Mouse move (332, 263)

D:\HelloCoder2025\arcanoid\main.c: 616: Mouse move (324, 283)

D:\HelloCoder2025\arcanoid\main.c: 616: Mouse move (319, 307)

D:\HelloCoder2025\arcanoid\main.c: 616: Mouse move (321, 329)

D:\HelloCoder2025\arcanoid\main.c: 616: Mouse move (326, 348)

D:\HelloCoder2025\arcanoid\main.c: 616: Mouse move (349, 383)

D:\HelloCoder2025\arcanoid\main.c: 616: Mouse move (364, 397)

D:\HelloCoder2025\arcanoid\main.c: 616: Mouse move (407, 417)

D:\HelloCoder2025\arcanoid\main.c: 616: Mouse move (431, 421)

D:\HelloCoder2025\arcanoid\main.c: 616: Mouse move (489, 424)

D:\HelloCoder2025\arcanoid\main.c: 616: Mouse move (489, 424)

D:\HelloCoder2025\arcanoid\main.c: 616: Mouse move (519, 424)

D:\HelloCoder2025\arcanoid\main.c: 616: Mouse move (550, 423)

D:\HelloCoder2025\arcanoid\main.c: 616: Mouse move (576, 418)

D:\HelloCoder2025\arcanoid\main.c: 616: Mouse move (609, 404)

D:\HelloCoder2025\arcanoid\main.c: 616: Mouse move (619, 389)

D:\HelloCoder2025\arc
D:\HelloCoder2025\arcanoid\main.c: 768: Start Game 1024 x 768!
D:\HelloCoder2025\arcanoid\main.c: 777: Main window was created!
D:\HelloCoder2025\arcanoid\main.c: 783: Start main loop!
D:\HelloCoder2025\arcanoid\main.c: 632: Key down 32!
D:\HelloCoder2025\arcanoid\main.c: 648: Key up 32!
D:\HelloCoder2025\arcanoid\main.c: 515: ----------- ERROR!!!
HIT the block 7 x 8!

D:\HelloCoder2025\arcanoid\main.c: 632: Key down 32!
D:\HelloCoder2025\arcanoid\main.c: 648: Key up 32!
D:\HelloCoder2025\arcanoid\main.c: 515: ----------- ERROR!!!
HIT the block 8 x 8!

D:\HelloCoder2025\arcanoid\main.c: 515: ----------- ERROR!!!
HIT the block 7 x 7!

D:\HelloCoder2025\arcanoid\main.c: 632: Key down 39!
D:\HelloCoder2025\arcanoid\main.c: 648: Key up 39!
D:\HelloCoder2025\arcanoid\main.c: 632: Key down 37!
D:\HelloCoder2025\arcanoid\main.c: 648: Key up 37!
D:\HelloCoder2025\arcanoid\main.c: 632: Key down 32!
D:\HelloCoder2025\arcanoid\main.c: 648: Key up 32!
D:\HelloCoder2025\arcanoid\main.c: 632: Key down 39!
D:\HelloCoder2025\arcanoid\main.c: 515: ----------- ERROR!!!
HIT the block 8 x 7!

D:\HelloCoder2025\arcanoid\main.c: 648: Key up 39!
D:\HelloCoder2025\arcanoid\main.c: 632: Key down 37!
D:\HelloCoder2025\arcanoid\main.c: 515: ----------- ERROR!!!
HIT the block 7 x 6!

D:\HelloCoder2025\arcanoid\main.c: 648: Key up 37!
D:\HelloCoder2025\arcanoid\main.c: 632: Key down 37!
D:\HelloCoder2025\arcanoid\main.c: 648: Key up 37!
D:\HelloCoder2025\arcanoid\main.c: 632: Key down 39!
D:\HelloCoder2025\arcanoid\main.c: 648: Key up 39!
D:\HelloCoder2025\arcanoid\main.c: 632: Key down 32!
D:\HelloCoder2025\arcanoid\main.c: 648: Key up 32!
D:\HelloCoder2025\arcanoid\main.c: 632: Key down 39!
D:\HelloCoder2025\arcanoid\main.c: 515: ----------- ERROR!!!
HIT the block 9 x 8!

D:\HelloCoder2025\arcanoid\main.c: 648: Key up 39!
D:\HelloCoder2025\arcanoid\main.c: 632: Key down 37!
D:\HelloCoder2025\arcanoid\main.c: 515: ----------- ERROR!!!
HIT the block 8 x 6!

D:\HelloCoder2025\arcanoid\main.c: 648: Key up 37!
D:\HelloCoder2025\arcanoid\main.c: 632: Key down 39!
D:\HelloCoder2025\arcanoid\main.c: 648: Key up 39!
D:\HelloCoder2025\arcanoid\main.c: 515: ----------- ERROR!!!
HIT the block 7 x 5!

D:\HelloCoder2025\arcanoid\main.c: 515: ----------- ERROR!!!
HIT the block 9 x 6!

D:\HelloCoder2025\arcanoid\main.c: 632: Key down 37!
D:\HelloCoder2025\arcanoid\main.c: 515: ----------- ERROR!!!
HIT the block 6 x 7!

D:\HelloCoder2025\arcanoid\main.c: 648: Key up 37!
D:\HelloCoder2025\arcanoid\main.c: 632: Key down 39!
D:\HelloCoder2025\arcanoid\main.c: 648: Key up 39!
D:\HelloCoder2025\arcanoid\main.c: 632: Key down 37!
D:\HelloCoder2025\arcanoid\main.c: 515: ----------- ERROR!!!
HIT the block 10 x 8!

D:\HelloCoder2025\arcanoid\main.c: 632: Key down 39!
D:\HelloCoder2025\arcanoid\main.c: 648: Key up 37!
D:\HelloCoder2025\arcanoid\main.c: 648: Key up 39!
D:\HelloCoder2025\arcanoid\main.c: 632: Key down 37!
D:\HelloCoder2025\arcanoid\main.c: 632: Key down 39!
D:\HelloCoder2025\arcanoid\main.c: 648: Key up 37!
D:\HelloCoder2025\arcanoid\main.c: 632: Key down 37!
D:\HelloCoder2025\arcanoid\main.c: 648: Key up 39!
D:\HelloCoder2025\arcanoid\main.c: 648: Key up 37!
D:\HelloCoder2025\arcanoid\main.c: 632: Key down 39!
D:\HelloCoder2025\arcanoid\main.c: 515: ----------- ERROR!!!
HIT the block 6 x 8!

D:\HelloCoder2025\arcanoid\main.c: 648: Key up 39!
D:\HelloCoder2025\arcanoid\main.c: 632: Key down 37!
D:\HelloCoder2025\arcanoid\main.c: 648: Key up 37!
D:\HelloCoder2025\arcanoid\main.c: 632: Key down 32!
D:\HelloCoder2025\arcanoid\main.c: 648: Key up 32!
D:\HelloCoder2025\arcanoid\main.c: 515: ----------- ERROR!!!
HIT the block 4 x 8!

D:\HelloCoder2025\arcanoid\main.c: 632: Key down 39!
D:\HelloCoder2025\arcanoid\main.c: 648: Key up 39!
D:\HelloCoder2025\arcanoid\main.c: 632: Key down 32!
D:\HelloCoder2025\arcanoid\main.c: 648: Key up 32!
D:\HelloCoder2025\arcanoid\main.c: 515: ----------- ERROR!!!
HIT the block 8 x 8!

D:\HelloCoder2025\arcanoid\main.c: 632: Key down 39!
D:\HelloCoder2025\arcanoid\main.c: 648: Key up 39!
D:\HelloCoder2025\arcanoid\main.c: 632: Key
D:\HelloCoder2025\arcanoid\main.c: 768: Start Game 1024 x 768!
D:\HelloCoder2025\arcanoid\main.c: 777: Main window was created!
D:\HelloCoder2025\arcanoid\main.c: 783: Start main loop!
D:\HelloCoder2025\arcanoid\main.c: 632: Key down 32!
D:\HelloCoder2025\arcanoid\main.c: 648: Key up 32!
D:\HelloCoder2025\arcanoid\main.c: 515: ----------- ERROR!!!
HIT the block 7 x 8!

D:\HelloCoder2025\arcanoid\main.c: 632: Key down 32!
D:\HelloCoder2025\arcanoid\main.c: 648: Key up 32!
D:\HelloCoder2025\arcanoid\main.c: 515: ----------- ERROR!!!
HIT the block 8 x 8!

D:\HelloCoder2025\arcanoid\main.c: 515: ----------- ERROR!!!
HIT the block 7 x 7!

D:\HelloCoder2025\arcanoid\main.c: 515: ----------- ERROR!!!
HIT the block 11 x 8!

D:\HelloCoder2025\arcanoid\main.c: 515: ----------- ERROR!!!
HIT the block 6 x 8!

D:\HelloCoder2025\arcanoid\main.c: 515: ----------- ERROR!!!
HIT the block 11 x 7!

D:\HelloCoder2025\arcanoid\main.c: 515: ----------- ERROR!!!
HIT the block 10 x 8!

D:\HelloCoder2025\arcanoid\main.c: 515: ----------- ERROR!!!
HIT the block 7 x 6!

D:\HelloCoder2025\arcanoid\main.c: 632: Key down 32!
D:\HelloCoder2025\arcanoid\main.c: 648: Key up 32!
D:\HelloCoder2025\arcanoid\main.c: 515: ----------- ERROR!!!
HIT the block 8 x 7!

D:\HelloCoder2025\arcanoid\main.c: 632: Key down 39!
D:\HelloCoder2025\arcanoid\main.c: 648: Key up 39!
D:\HelloCoder2025\arcanoid\main.c: 632: Key down 37!
D:\HelloCoder2025\arcanoid\main.c: 632: Key down 37!
D:\HelloCoder2025\arcanoid\main.c: 632: Key down 37!
D:\HelloCoder2025\arcanoid\main.c: 632: Key down 37!
D:\HelloCoder2025\arcanoid\main.c: 632: Key down 32!
D:\HelloCoder2025\arcanoid\main.c: 648: Key up 37!
D:\HelloCoder2025\arcanoid\main.c: 648: Key up 32!
D:\HelloCoder2025\arcanoid\main.c: 632: Key down 39!
D:\HelloCoder2025\arcanoid\main.c: 515: ----------- ERROR!!!
HIT the block 4 x 8!

D:\HelloCoder2025\arcanoid\main.c: 632: Key down 37!
D:\HelloCoder2025\arcanoid\main.c: 648: Key up 39!
D:\HelloCoder2025\arcanoid\main.c: 648: Key up 37!
D:\HelloCoder2025\arcanoid\main.c: 632: Key down 39!
D:\HelloCoder2025\arcanoid\main.c: 515: ----------- ERROR!!!
HIT the block 11 x 6!

D:\HelloCoder2025\arcanoid\main.c: 632: Key down 39!
D:\HelloCoder2025\arcanoid\main.c: 515: ----------- ERROR!!!
HIT the block 10 x 7!

D:\HelloCoder2025\arcanoid\main.c: 632: Key down 39!
D:\HelloCoder2025\arcanoid\main.c: 648: Key up 39!
D:\HelloCoder2025\arcanoid\main.c: 632: Key down 37!
D:\HelloCoder2025\arcanoid\main.c: 632: Key down 39!
D:\HelloCoder2025\arcanoid\main.c: 648: Key up 37!
D:\HelloCoder2025\arcanoid\main.c: 648: Key up 39!
D:\HelloCoder2025\arcanoid\main.c: 632: Key down 37!
D:\HelloCoder2025\arcanoid\main.c: 632: Key down 37!
D:\HelloCoder2025\arcanoid\main.c: 648: Key up 37!
D:\HelloCoder2025\arcanoid\main.c: 632: Key down 32!
D:\HelloCoder2025\arcanoid\main.c: 648: Key up 32!
D:\HelloCoder2025\arcanoid\main.c: 632: Key down 39!
D:\HelloCoder2025\arcanoid\main.c: 515: ----------- ERROR!!!
HIT the block 3 x 8!

D:\HelloCoder2025\arcanoid\main.c: 632: Key down 37!
D:\HelloCoder2025\arcanoid\main.c: 648: Key up 39!
D:\HelloCoder2025\arcanoid\main.c: 648: Key up 37!
D:\HelloCoder2025\arcanoid\main.c: 632: Key down 39!
D:\HelloCoder2025\arcanoid\main.c: 648: Key up 39!
D:\HelloCoder2025\arcanoid\main.c: 632: Key down 32!
D:\HelloCoder2025\arcanoid\main.c: 648: Key up 32!
D:\HelloCoder2025\arcanoid\main.c: 515: ----------- ERROR!!!
HIT the block 11 x 8!

D:\HelloCoder2025\arcanoid\main.c: 515: ----------- ERROR!!!
HIT the block 10 x 8!

D:\HelloCoder2025\arcanoid\main.c: 515: ----------- ERROR!!!
HIT the block 10 x 7!

D:\HelloCoder2025\arcanoid\main.c: 515: ----------- ERROR!!!
HIT the block 10 x 6!

D:\HelloCoder2025\arcanoid\main.c: 515: ----------- ERROR!!!
HIT the block 9 x 8!

D:\HelloCoder2025\arcanoid\main.c: 515: ----------- ERROR!!!
HIT the block 9 x 7!

D:\HelloCoder2025\arcanoid\main.c: 790: Completed!
D:\HelloCoder2025\arcanoid\main.c: 768: Start Game 1024 x 768!
D:\HelloCoder2025\arcanoid\main.c: 777: Main window was created!
D:\HelloCoder2025\arcanoid\main.c: 785: Start main loop!
D:\HelloCoder2025\arcanoid\main.c: 632: Key down 32!
D:\HelloCoder2025\arcanoid\main.c: 648: Key up 32!
D:\HelloCoder2025\arcanoid\main.c: 515: ----------- ERROR!!!
HIT the block 7 x 8!

D:\HelloCoder2025\arcanoid\main.c: 632: Key down 32!
D:\HelloCoder2025\arcanoid\main.c: 648: Key up 32!
D:\HelloCoder2025\arcanoid\main.c: 515: ----------- ERROR!!!
HIT the block 8 x 8!

D:\HelloCoder2025\arcanoid\main.c: 515: ----------- ERROR!!!
HIT the block 7 x 7!

D:\HelloCoder2025\arcanoid\main.c: 632: Key down 39!
D:\HelloCoder2025\arcanoid\main.c: 648: Key up 39!
D:\HelloCoder2025\arcanoid\main.c: 632: Key down 37!
D:\HelloCoder2025\arcanoid\main.c: 648: Key up 37!
D:\HelloCoder2025\arcanoid\main.c: 632: Key down 32!
D:\HelloCoder2025\arcanoid\main.c: 648: Key up 32!
D:\HelloCoder2025\arcanoid\main.c: 632: Key down 39!
D:\HelloCoder2025\arcanoid\main.c: 515: ----------- ERROR!!!
HIT the block 5 x 8!

D:\HelloCoder2025\arcanoid\main.c: 648: Key up 39!
D:\HelloCoder2025\arcanoid\main.c: 632: Key down 37!
D:\HelloCoder2025\arcanoid\main.c: 648: Key up 37!
D:\HelloCoder2025\arcanoid\main.c: 632: Key down 39!
D:\HelloCoder2025\arcanoid\main.c: 648: Key up 39!
D:\HelloCoder2025\arcanoid\main.c: 632: Key down 32!
D:\HelloCoder2025\arcanoid\main.c: 648: Key up 32!
D:\HelloCoder2025\arcanoid\main.c: 515: ----------- ERROR!!!
HIT the block 11 x 8!

D:\HelloCoder2025\arcanoid\main.c: 632: Key down 37!
D:\HelloCoder2025\arcanoid\main.c: 648: Key up 37!
D:\HelloCoder2025\arcanoid\main.c: 632: Key down 39!
D:\HelloCoder2025\arcanoid\main.c: 648: Key up 39!
D:\HelloCoder2025\arcanoid\main.c: 632: Key down 37!
D:\HelloCoder2025\arcanoid\main.c: 632: Key down 32!
D:\HelloCoder2025\arcanoid\main.c: 648: Key up 37!
D:\HelloCoder2025\arcanoid\main.c: 648: Key up 32!
D:\HelloCoder2025\arcanoid\main.c: 632: Key down 37!
D:\HelloCoder2025\arcanoid\main.c: 515: ----------- ERROR!!!
HIT the block 11 x 8!

D:\HelloCoder2025\arcanoid\main.c: 632: Key down 39!
D:\HelloCoder2025\arcanoid\main.c: 648: Key up 37!
D:\HelloCoder2025\arcanoid\main.c: 648: Key up 39!
D:\HelloCoder2025\arcanoid\main.c: 632: Key down 37!
D:\HelloCoder2025\arcanoid\main.c: 648: Key up 37!
D:\HelloCoder2025\arcanoid\main.c: 632: Key down 39!
D:\HelloCoder2025\arcanoid\main.c: 648: Key up 39!
D:\HelloCoder2025\arcanoid\main.c: 632: Key down 37!
D:\HelloCoder2025\arcanoid\main.c: 648: Key up 37!
D:\HelloCoder2025\arcanoid\main.c: 632: Key down 32!
D:\HelloCoder2025\arcanoid\main.c: 648: Key up 32!
D:\HelloCoder2025\arcanoid\main.c: 515: ----------- ERROR!!!
HIT the block 10 x 8!

D:\HelloCoder2025\arcanoid\main.c: 632: Key down 32!
D:\HelloCoder2025\arcanoid\main.c: 648: Key up 32!
D:\HelloCoder2025\arcanoid\main.c: 515: ----------- ERROR!!!
HIT the block 11 x 7!

D:\HelloCoder2025\arcanoid\main.c: 808: Completed!
D:\HelloCoder2025\arcanoid\main.c: 802: Start Game 1024 x 768!
D:\HelloCoder2025\arcanoid\main.c: 811: Main window was created!
D:\HelloCoder2025\arcanoid\main.c: 819: Start main loop!
D:\HelloCoder2025\arcanoid\main.c: 676: Key down 32!
D:\HelloCoder2025\arcanoid\main.c: 692: Key up 32!
D:\HelloCoder2025\arcanoid\main.c: 519: ----------- ERROR!!!
HIT the block 7 x 8!

D:\HelloCoder2025\arcanoid\main.c: 676: Key down 32!
D:\HelloCoder2025\arcanoid\main.c: 692: Key up 32!
D:\HelloCoder2025\arcanoid\main.c: 519: ----------- ERROR!!!
HIT the block 8 x 8!

D:\HelloCoder2025\arcanoid\main.c: 519: ----------- ERROR!!!
HIT the block 7 x 7!

D:\HelloCoder2025\arcanoid\main.c: 519: ----------- ERROR!!!
HIT the block 11 x 8!

D:\HelloCoder2025\arcanoid\main.c: 676: Key down 39!
D:\HelloCoder2025\arcanoid\main.c: 692: Key up 39!
D:\HelloCoder2025\arcanoid\main.c: 676: Key down 37!
D:\HelloCoder2025\arcanoid\main.c: 692: Key up 37!
D:\HelloCoder2025\arcanoid\main.c: 676: Key down 32!
D:\HelloCoder2025\arcanoid\main.c: 692: Key up 32!
D:\HelloCoder2025\arcanoid\main.c: 676: Key down 39!
D:\HelloCoder2025\arcanoid\main.c: 519: ----------- ERROR!!!
HIT the block 5 x 8!

D:\HelloCoder2025\arcanoid\main.c: 692: Key up 39!
D:\HelloCoder2025\arcanoid\main.c: 676: Key down 37!
D:\HelloCoder2025\arcanoid\main.c: 692: Key up 37!
D:\HelloCoder2025\arcanoid\main.c: 676: Key down 39!
D:\HelloCoder2025\arcanoid\main.c: 692: Key up 39!
D:\HelloCoder2025\arcanoid\main.c: 676: Key down 32!
D:\HelloCoder2025\arcanoid\main.c: 692: Key up 32!
D:\HelloCoder2025\arcanoid\main.c: 519: ----------- ERROR!!!
HIT the block 10 x 8!

D:\HelloCoder2025\arcanoid\main.c: 676: Key down 39!
D:\HelloCoder2025\arcanoid\main.c: 692: Key up 39!
D:\HelloCoder2025\arcanoid\main.c: 519: ----------- ERROR!!!
HIT the block 9 x 8!

D:\HelloCoder2025\arcanoid\main.c: 676: Key down 37!
D:\HelloCoder2025\arcanoid\main.c: 692: Key up 37!
D:\HelloCoder2025\arcanoid\main.c: 676: Key down 39!
D:\HelloCoder2025\arcanoid\main.c: 692: Key up 39!
D:\HelloCoder2025\arcanoid\main.c: 676: Key down 37!
D:\HelloCoder2025\arcanoid\main.c: 692: Key up 37!
D:\HelloCoder2025\arcanoid\main.c: 519: ----------- ERROR!!!
HIT the block 10 x 7!

D:\HelloCoder2025\arcanoid\main.c: 676: Key down 37!
D:\HelloCoder2025\arcanoid\main.c: 692: Key up 37!
D:\HelloCoder2025\arcanoid\main.c: 676: Key down 39!
D:\HelloCoder2025\arcanoid\main.c: 692: Key up 39!
D:\HelloCoder2025\arcanoid\main.c: 676: Key down 39!
D:\HelloCoder2025\arcanoid\main.c: 692: Key up 39!
D:\HelloCoder2025\arcanoid\main.c: 676: Key down 37!
D:\HelloCoder2025\arcanoid\main.c: 692: Key up 37!
D:\HelloCoder2025\arcanoid\main.c: 676: Key down 32!
D:\HelloCoder2025\arcanoid\main.c: 692: Key up 32!
D:\HelloCoder2025\arcanoid\main.c: 676: Key down 39!
D:\HelloCoder2025\arcanoid\main.c: 519: ----------- ERROR!!!
HIT the block 5 x 8!

D:\HelloCoder2025\arcanoid\main.c: 692: Key up 39!
D:\HelloCoder2025\arcanoid\main.c: 676: Key down 37!
D:\HelloCoder2025\arcanoid\main.c: 692: Key up 37!
D:\HelloCoder2025\arcanoid\main.c: 676: Key down 39!
D:\HelloCoder2025\arcanoid\main.c: 692: Key up 39!
D:\HelloCoder2025\arcanoid\main.c: 519: ----------- ERROR!!!
HIT the block 8 x 8!

D:\HelloCoder2025\arcanoid\main.c: 676: Key down 39!
D:\HelloCoder2025\arcanoid\main.c: 692: Key up 39!
D:\HelloCoder2025\arcanoid\main.c: 676: Key down 37!
D:\HelloCoder2025\arcanoid\main.c: 519: ----------- ERROR!!!
HIT the block 6 x 8!

D:\HelloCoder2025\arcanoid\main.c: 676: Key down 37!
D:\HelloCoder2025\arcanoid\main.c: 676: Key down 37!
D:\HelloCoder2025\arcanoid\main.c: 676: Key down 37!
D:\HelloCoder2025\arcanoid\main.c: 676: Key down 37!
D:\HelloCoder2025\arcanoid\main.c: 676: Key down 37!
D:\HelloCoder2025\arcanoid\main.c: 676: Key down 37!
D:\HelloCoder2025\arcanoid\main.c: 676: Key down 37!
D:\HelloCoder2025\arcanoid\main.c: 692: Key up 37!
D:\HelloCoder2025\arcanoid\main.c: 676: Key down 39!
D:\HelloCoder2025\arcanoid\main.c: 692: Key up 39!
D:\HelloCoder2025\arcanoid\main.c: 676: Key down 39!
D:\HelloCoder2025\arcanoid\main.c: 692: Key up 39!
D:\HelloCoder2025\arcanoid\main.c: 519: ----------- ERROR!!!
HIT the block 11 x 8!

D:\HelloCoder2025\arcanoid\main.c: 676: Key down 37!
D:\HelloCoder2025\arcanoid\main.c: 692: Key up 37!
D:\HelloCoder2025\arcanoid\main.c: 676: Key down 39!
D:\HelloCoder2025\arcanoid\main.c: 692: Key up 39!
D:\HelloCoder2025\arcanoid\main.c: 676: Key down 32!
D:\HelloCoder2025\arcanoid\main.c: 692: Key up 32!
D:\HelloCoder2025\arcanoid\main.c: 519: ----------- ERROR!!!
HIT the block 11 x 7!

D:\HelloCoder2025\arcanoid\main.c: 676: Key down 39!
D:\HelloCoder2025\arcanoid\main.c: 692: Key up 39!
D:\HelloCoder2025\arcanoid\main.c: 676: Key down 37!
D:\HelloCoder2025\arcanoid\main.c: 692: Key up 37!
D:\HelloCoder2025\arcanoid\main.c: 676: Key down 39!
D:\HelloCoder2025\arcanoid\main.c: 692: Key up 39!
D:\HelloCoder2025\arcanoid\main.c: 842: Completed!
D:\HelloCoder2025\arcanoid\main.c:  18: Start Game 1024 x 768!
D:\HelloCoder2025\arcanoid\main.c:  26: Main window was created!
D:\HelloCoder2025\arcanoid\win_frontend.c: 334: Start main loop!
D:\HelloCoder2025\arcanoid\win_frontend.c: 208: Key down 32!
D:\HelloCoder2025\arcanoid\win_frontend.c: 223: Key up 32!
D:\HelloCoder2025\arcanoid\gameplay.c: 209: WARNINGHIT the block 7 x 8!
D:\HelloCoder2025\arcanoid\win_frontend.c: 208: Key down 39!
D:\HelloCoder2025\arcanoid\win_frontend.c: 223: Key up 39!
D:\HelloCoder2025\arcanoid\win_frontend.c: 208: Key down 32!
D:\HelloCoder2025\arcanoid\win_frontend.c: 223: Key up 32!
D:\HelloCoder2025\arcanoid\win_frontend.c: 208: Key down 37!
D:\HelloCoder2025\arcanoid\gameplay.c: 209: WARNINGHIT the block 11 x 8!
D:\HelloCoder2025\arcanoid\win_frontend.c: 223: Key up 37!
D:\HelloCoder2025\arcanoid\win_frontend.c: 208: Key down 39!
D:\HelloCoder2025\arcanoid\win_frontend.c: 223: Key up 39!
D:\HelloCoder2025\arcanoid\win_frontend.c: 208: Key down 32!
D:\HelloCoder2025\arcanoid\win_frontend.c: 223: Key up 32!
D:\HelloCoder2025\arcanoid\win_frontend.c: 208: Key down 37!
D:\HelloCoder2025\arcanoid\gameplay.c: 209: WARNINGHIT the block 11 x 7!
D:\HelloCoder2025\arcanoid\win_frontend.c: 223: Key up 37!
D:\HelloCoder2025\arcanoid\win_frontend.c: 208: Key down 39!
D:\HelloCoder2025\arcanoid\win_frontend.c: 223: Key up 39!
D:\HelloCoder2025\arcanoid\win_frontend.c: 208: Key down 37!
D:\HelloCoder2025\arcanoid\win_frontend.c: 223: Key up 37!
D:\HelloCoder2025\arcanoid\gameplay.c: 209: WARNINGHIT the block 9 x 8!
D:\HelloCoder2025\arcanoid\main.c:  28: Completed!